Построение начато 27.11.2018 13:12:10.
     1>Проект "C:\Users\21312\Halitova\AndyJoey\main2\main2\main2.vcxproj" в узле 2 (целевые объекты build).
     1>PrepareForBuild:
         Создание каталога "C:\Users\21312\Halitova\AndyJoey\main2\Debug\".
       InitializeBuildStatus:
         Создание "Debug\main2.unsuccessfulbuild", так как было задано "AlwaysCreate".
       ClCompile:
         C:\Program Files\Microsoft Visual Studio 10.0\VC\bin\CL.exe /c /ZI /nologo /W3 /WX- /Od /Oy- /D WIN32 /D _DEBUG /D _CONSOLE /D _UNICODE /D UNICODE /Gm /EHsc /RTC1 /MDd /GS /fp:precise /Zc:wchar_t /Zc:forScope /Yc"StdAfx.h" /Fp"Debug\main2.pch" /Fo"Debug\\" /Fd"Debug\vc100.pdb" /Gd /TP /analyze- /errorReport:prompt stdafx.cpp
         stdafx.cpp
         C:\Program Files\Microsoft Visual Studio 10.0\VC\bin\CL.exe /c /ZI /nologo /W3 /WX- /Od /Oy- /D WIN32 /D _DEBUG /D _CONSOLE /D _UNICODE /D UNICODE /Gm /EHsc /RTC1 /MDd /GS /fp:precise /Zc:wchar_t /Zc:forScope /Yu"StdAfx.h" /Fp"Debug\main2.pch" /Fo"Debug\\" /Fd"Debug\vc100.pdb" /Gd /TP /analyze- /errorReport:prompt main2.cpp
         main2.cpp
       ManifestResourceCompile:
         C:\Program Files\Microsoft SDKs\Windows\v7.0A\bin\rc.exe /nologo /fo"Debug\main2.exe.embed.manifest.res" Debug\main2_manifest.rc 
       Link:
         C:\Program Files\Microsoft Visual Studio 10.0\VC\bin\link.exe /ERRORREPORT:PROMPT /OUT:"C:\Users\21312\Halitova\AndyJoey\main2\Debug\main2.exe" /INCREMENTAL /NOLOGO kernel32.lib user32.lib gdi32.lib winspool.lib comdlg32.lib advapi32.lib shell32.lib ole32.lib oleaut32.lib uuid.lib odbc32.lib odbccp32.lib /MANIFEST /ManifestFile:"Debug\main2.exe.intermediate.manifest" /MANIFESTUAC:"level='asInvoker' uiAccess='false'" /DEBUG /PDB:"C:\Users\21312\Halitova\AndyJoey\main2\Debug\main2.pdb" /SUBSYSTEM:CONSOLE /TLBID:1 /DYNAMICBASE /NXCOMPAT /IMPLIB:"C:\Users\21312\Halitova\AndyJoey\main2\Debug\main2.lib" /MACHINE:X86 Debug\main2.exe.embed.manifest.res
         Debug\main2.obj
         Debug\stdafx.obj
       Manifest:
         C:\Program Files\Microsoft SDKs\Windows\v7.0A\bin\mt.exe /nologo /verbose /out:"Debug\main2.exe.embed.manifest" /manifest Debug\main2.exe.intermediate.manifest
         C:\Program Files\Microsoft SDKs\Windows\v7.0A\bin\rc.exe /nologo /fo"Debug\main2.exe.embed.manifest.res" Debug\main2_manifest.rc 
       LinkEmbedManifest:
         C:\Program Files\Microsoft Visual Studio 10.0\VC\bin\link.exe /ERRORREPORT:PROMPT /OUT:"C:\Users\21312\Halitova\AndyJoey\main2\Debug\main2.exe" /INCREMENTAL /NOLOGO kernel32.lib user32.lib gdi32.lib winspool.lib comdlg32.lib advapi32.lib shell32.lib ole32.lib oleaut32.lib uuid.lib odbc32.lib odbccp32.lib /MANIFEST /ManifestFile:"Debug\main2.exe.intermediate.manifest" /MANIFESTUAC:"level='asInvoker' uiAccess='false'" /DEBUG /PDB:"C:\Users\21312\Halitova\AndyJoey\main2\Debug\main2.pdb" /SUBSYSTEM:CONSOLE /TLBID:1 /DYNAMICBASE /NXCOMPAT /IMPLIB:"C:\Users\21312\Halitova\AndyJoey\main2\Debug\main2.lib" /MACHINE:X86 Debug\main2.exe.embed.manifest.res
         Debug\main2.obj
         Debug\stdafx.obj
         main2.vcxproj -> C:\Users\21312\Halitova\AndyJoey\main2\Debug\main2.exe
       FinalizeBuildStatus:
         Файл "Debug\main2.unsuccessfulbuild" удаляется.
         Обращение к "Debug\main2.lastbuildstate".
     1>Построение проекта "C:\Users\21312\Halitova\AndyJoey\main2\main2\main2.vcxproj" завершено (целевые объекты build).

Построение успешно завершено.

Затраченное время: 00:00:08.86
